Using pre-set license
Built from '2020.3/china_unity/release' branch; Version is '2020.3.25f1c1 (fd09ccef852e) revision 16583116'; Using compiler version '192528614'; Build Type 'Release'
OS: 'Windows 10  (10.0.19045) 64bit Professional' Language: 'zh' Physical Memory: 16342 MB
BatchMode: 1, IsHumanControllingUs: 0, StartBugReporterOnCrash: 0, Is64bit: 1, IsPro: 0

COMMAND LINE ARGUMENTS:
D:\UnityEditor\2020.3.25f1c1\Editor\Unity.exe
-adb2
-batchMode
-noUpm
-name
AssetImportWorker0
-projectPath
D:/项目/666
-logFile
Logs/AssetImportWorker0.log
-srvPort
59691
Successfully changed project path to: D:/项目/666
D:/项目/666
Using Asset Import Pipeline V2.
AS: AutoStreaming module initializing.Refreshing native plugins compatible for Editor in 46.87 ms, found 2 plugins.
Preloading 0 native plugins for Editor in 0.00 ms.
Initialize engine version: 2020.3.25f1c1 (fd09ccef852e)
[Subsystems] Discovering subsystems at path D:/UnityEditor/2020.3.25f1c1/Editor/Data/Resources/UnitySubsystems
[Subsystems] Discovering subsystems at path D:/项目/666/Assets
GfxDevice: creating device client; threaded=0
Direct3D:
    Version:  Direct3D 11.0 [level 11.1]
    Renderer: NVIDIA GeForce GTX 1660 (ID=0x2184)
    Vendor:   
    VRAM:     5981 MB
    Driver:   31.0.15.4633
Initialize mono
Mono path[0] = 'D:/UnityEditor/2020.3.25f1c1/Editor/Data/Managed'
Mono path[1] = 'D:/UnityEditor/2020.3.25f1c1/Editor/Data/MonoBleedingEdge/lib/mono/unityjit'
Mono config path = 'D:/UnityEditor/2020.3.25f1c1/Editor/Data/MonoBleedingEdge/etc'
Using monoOptions --debugger-agent=transport=dt_socket,embedding=1,server=y,suspend=n,address=127.0.0.1:56900
Begin MonoManager ReloadAssembly
Registering precompiled unity dll's ...
Register platform support module: D:/UnityEditor/2020.3.25f1c1/Editor/Data/PlaybackEngines/WebGLSupport/UnityEditor.WebGL.Extensions.dll
Register platform support module: D:/UnityEditor/2020.3.25f1c1/Editor/Data/PlaybackEngines/WindowsStandaloneSupport/UnityEditor.WindowsStandalone.Extensions.dll
Registered in 0.001986 seconds.
Native extension for WindowsStandalone target not found
Native extension for WebGL target not found
Refreshing native plugins compatible for Editor in 44.19 ms, found 2 plugins.
Preloading 0 native plugins for Editor in 0.00 ms.
Mono: successfully reloaded assembly
- Completed reload, in  0.753 seconds
Domain Reload Profiling:
	ReloadAssembly (753ms)
		BeginReloadAssembly (78ms)
			ExecutionOrderSort (0ms)
			DisableScriptedObjects (0ms)
			BackupInstance (0ms)
			ReleaseScriptingObjects (0ms)
			CreateAndSetChildDomain (1ms)
		EndReloadAssembly (579ms)
			LoadAssemblies (77ms)
			RebuildTransferFunctionScriptingTraits (0ms)
			SetupTypeCache (193ms)
			ReleaseScriptCaches (0ms)
			RebuildScriptCaches (41ms)
			SetupLoadedEditorAssemblies (211ms)
				LogAssemblyErrors (0ms)
				InitializePlatformSupportModulesInManaged (6ms)
				SetLoadedEditorAssemblies (0ms)
				RefreshPlugins (44ms)
				BeforeProcessingInitializeOnLoad (20ms)
				ProcessInitializeOnLoadAttributes (103ms)
				ProcessInitializeOnLoadMethodAttributes (37ms)
				AfterProcessingInitializeOnLoad (0ms)
				EditorAssembliesLoaded (0ms)
			ExecutionOrderSort2 (0ms)
			AwakeInstancesAfterBackupRestoration (0ms)
Platform modules already initialized, skipping
Registering precompiled user dll's ...
Registered in 0.005356 seconds.
Begin MonoManager ReloadAssembly
Native extension for WindowsStandalone target not found
Native extension for WebGL target not found
Refreshing native plugins compatible for Editor in 0.82 ms, found 2 plugins.
Preloading 0 native plugins for Editor in 0.00 ms.
Mono: successfully reloaded assembly
- Completed reload, in  1.177 seconds
Domain Reload Profiling:
	ReloadAssembly (1178ms)
		BeginReloadAssembly (161ms)
			ExecutionOrderSort (0ms)
			DisableScriptedObjects (5ms)
			BackupInstance (0ms)
			ReleaseScriptingObjects (0ms)
			CreateAndSetChildDomain (25ms)
		EndReloadAssembly (952ms)
			LoadAssemblies (96ms)
			RebuildTransferFunctionScriptingTraits (0ms)
			SetupTypeCache (357ms)
			ReleaseScriptCaches (1ms)
			RebuildScriptCaches (50ms)
			SetupLoadedEditorAssemblies (335ms)
				LogAssemblyErrors (0ms)
				InitializePlatformSupportModulesInManaged (6ms)
				SetLoadedEditorAssemblies (1ms)
				RefreshPlugins (1ms)
				BeforeProcessingInitializeOnLoad (85ms)
				ProcessInitializeOnLoadAttributes (228ms)
				ProcessInitializeOnLoadMethodAttributes (11ms)
				AfterProcessingInitializeOnLoad (3ms)
				EditorAssembliesLoaded (0ms)
			ExecutionOrderSort2 (0ms)
			AwakeInstancesAfterBackupRestoration (6ms)
Platform modules already initialized, skipping
========================================================================
Worker process is ready to serve import requests
Launched and connected shader compiler UnityShaderCompiler.exe after 0.06 seconds
Refreshing native plugins compatible for Editor in 0.38 ms, found 2 plugins.
Preloading 0 native plugins for Editor in 0.00 ms.
Unloading 1531 Unused Serialized files (Serialized files now loaded: 0)
System memory in use before: 72.1 MB.
System memory in use after: 72.2 MB.

Unloading 22 unused Assets to reduce memory usage. Loaded Objects now: 1968.
Total: 4.833400 ms (FindLiveObjects: 0.196800 ms CreateObjectMapping: 0.067100 ms MarkObjects: 4.456300 ms  DeleteObjects: 0.112000 ms)

AssetImportParameters requested are different than current active one (requested -> active):
  custom:framework-win-MediaFoundation: 216162199b28c13a410421893ffa2e32 -> 
  custom:video-decoder-ogg-theora: a1e56fd34408186e4bbccfd4996cb3dc -> 
  custom:container-muxer-webm: aa71ff27fc2769a1b78a27578f13a17b -> 
  custom:container-demuxer-webm: 4f35f7cbe854078d1ac9338744f61a02 -> 
  custom:container-demuxer-ogg: 62fdf1f143b41e24485cea50d1cbac27 -> 
  custom:video-encoder-webm-vp8: eb34c28f22e8b96e1ab97ce403110664 -> 
  custom:video-decoder-webm-vp8: 9c59270c3fd7afecdb556c50c9e8de78 -> 
  custom:audio-decoder-ogg-vorbis: bf7c407c2cedff20999df2af8eb42d56 -> 
  custom:audio-encoder-webm-vorbis: bf7c407c2cedff20999df2af8eb42d56 -> 
========================================================================
Received Import Request.
  path: Assets/StreamingAssets
  artifactKey: Guid(9d23f95d834fd19449cba67c381900b6) Importer(815301076,1909f56bfc062723c751e8b465ee728b)
Start importing Assets/StreamingAssets using Guid(9d23f95d834fd19449cba67c381900b6) Importer(815301076,1909f56bfc062723c751e8b465ee728b)  -> (artifact id: '1b197fb0fa632b6cc2fe35ae7d1ba2b1') in 0.011770 seconds 
  Import took 0.015486 seconds .

========================================================================
Received Import Request.
  Time since last request: 66.488989 seconds.
  path: Assets/Scripts
  artifactKey: Guid(e3ad65fd67096874c900f8431f82eb52) Importer(815301076,1909f56bfc062723c751e8b465ee728b)
Start importing Assets/Scripts using Guid(e3ad65fd67096874c900f8431f82eb52) Importer(815301076,1909f56bfc062723c751e8b465ee728b)  -> (artifact id: '35ab7e8e5f4a436d89f86a2785254ab4') in 0.287526 seconds 
  Import took 0.302731 seconds .

========================================================================
Received Import Request.
  Time since last request: 2.458637 seconds.
  path: Assets/Scripts/Helper/RootResourceHelper.cs
  artifactKey: Guid(bcf6c06dc835d7d458815a2885769a06) Importer(815301076,1909f56bfc062723c751e8b465ee728b)
Start importing Assets/Scripts/Helper/RootResourceHelper.cs using Guid(bcf6c06dc835d7d458815a2885769a06) Importer(815301076,1909f56bfc062723c751e8b465ee728b)  -> (artifact id: '096a539cf14707fc2eb60ba853ee3ca4') in 0.157209 seconds 
  Import took 0.195838 seconds .

========================================================================
Received Import Request.
  Time since last request: 16.764014 seconds.
  path: Assets/Scripts/Other/GameInlet.cs
  artifactKey: Guid(15229a552903345498f25103641117d9) Importer(815301076,1909f56bfc062723c751e8b465ee728b)
Start importing Assets/Scripts/Other/GameInlet.cs using Guid(15229a552903345498f25103641117d9) Importer(815301076,1909f56bfc062723c751e8b465ee728b)  -> (artifact id: '002547f2fcbb707fe0d42fcf3710d406') in 0.024984 seconds 
  Import took 0.032001 seconds .

========================================================================
Received Import Request.
  Time since last request: 20.995339 seconds.
  path: Assets/Scripts/Editor/Yeah/YeahTools.cs
  artifactKey: Guid(7151bdff7b6a8a54d93e9751f2646aeb) Importer(815301076,1909f56bfc062723c751e8b465ee728b)
Start importing Assets/Scripts/Editor/Yeah/YeahTools.cs using Guid(7151bdff7b6a8a54d93e9751f2646aeb) Importer(815301076,1909f56bfc062723c751e8b465ee728b)  -> (artifact id: '22f44217adf9721e9888ce674bf4f49f') in 0.471895 seconds 
  Import took 0.616585 seconds .

========================================================================
Received Prepare
Registering precompiled user dll's ...
Registered in 0.005207 seconds.
Begin MonoManager ReloadAssembly
Native extension for WindowsStandalone target not found
Native extension for WebGL target not found
Refreshing native plugins compatible for Editor in 0.69 ms, found 2 plugins.
Preloading 0 native plugins for Editor in 0.00 ms.
Mono: successfully reloaded assembly
- Completed reload, in  3.469 seconds
Domain Reload Profiling:
	ReloadAssembly (3469ms)
		BeginReloadAssembly (250ms)
			ExecutionOrderSort (0ms)
			DisableScriptedObjects (27ms)
			BackupInstance (0ms)
			ReleaseScriptingObjects (0ms)
			CreateAndSetChildDomain (88ms)
		EndReloadAssembly (3064ms)
			LoadAssemblies (136ms)
			RebuildTransferFunctionScriptingTraits (0ms)
			SetupTypeCache (1068ms)
			ReleaseScriptCaches (1ms)
			RebuildScriptCaches (79ms)
			SetupLoadedEditorAssemblies (1588ms)
				LogAssemblyErrors (0ms)
				InitializePlatformSupportModulesInManaged (6ms)
				SetLoadedEditorAssemblies (1ms)
				RefreshPlugins (1ms)
				BeforeProcessingInitializeOnLoad (1330ms)
				ProcessInitializeOnLoadAttributes (224ms)
				ProcessInitializeOnLoadMethodAttributes (20ms)
				AfterProcessingInitializeOnLoad (6ms)
				EditorAssembliesLoaded (1ms)
			ExecutionOrderSort2 (0ms)
			AwakeInstancesAfterBackupRestoration (12ms)
Platform modules already initialized, skipping
Refreshing native plugins compatible for Editor in 0.42 ms, found 2 plugins.
Preloading 0 native plugins for Editor in 0.00 ms.
Unloading 1523 Unused Serialized files (Serialized files now loaded: 0)
System memory in use before: 71.9 MB.
System memory in use after: 72.0 MB.

Unloading 19 unused Assets to reduce memory usage. Loaded Objects now: 1968.
Total: 3.092600 ms (FindLiveObjects: 0.151000 ms CreateObjectMapping: 0.054300 ms MarkObjects: 2.853000 ms  DeleteObjects: 0.033100 ms)

AssetImportParameters requested are different than current active one (requested -> active):
  custom:framework-win-MediaFoundation: 216162199b28c13a410421893ffa2e32 -> 
  custom:video-decoder-ogg-theora: a1e56fd34408186e4bbccfd4996cb3dc -> 
  custom:container-muxer-webm: aa71ff27fc2769a1b78a27578f13a17b -> 
  custom:container-demuxer-webm: 4f35f7cbe854078d1ac9338744f61a02 -> 
  custom:container-demuxer-ogg: 62fdf1f143b41e24485cea50d1cbac27 -> 
  custom:video-encoder-webm-vp8: eb34c28f22e8b96e1ab97ce403110664 -> 
  custom:video-decoder-webm-vp8: 9c59270c3fd7afecdb556c50c9e8de78 -> 
  custom:audio-decoder-ogg-vorbis: bf7c407c2cedff20999df2af8eb42d56 -> 
  custom:audio-encoder-webm-vorbis: bf7c407c2cedff20999df2af8eb42d56 -> 
========================================================================
Received Import Request.
  Time since last request: 851.090795 seconds.
  path: Assets/Window.asmdef
  artifactKey: Guid(bbbab4ede1f30c94aac0736219cef83c) Importer(815301076,1909f56bfc062723c751e8b465ee728b)
Start importing Assets/Window.asmdef using Guid(bbbab4ede1f30c94aac0736219cef83c) Importer(815301076,1909f56bfc062723c751e8b465ee728b)  -> (artifact id: '959f0987e45c0ecc589a43b34655429a') in 0.044658 seconds 
  Import took 0.053686 seconds .

========================================================================
Received Prepare
Registering precompiled user dll's ...
Registered in 0.004755 seconds.
Begin MonoManager ReloadAssembly
Native extension for WindowsStandalone target not found
Native extension for WebGL target not found
Refreshing native plugins compatible for Editor in 1.03 ms, found 2 plugins.
Preloading 0 native plugins for Editor in 0.00 ms.
Mono: successfully reloaded assembly
- Completed reload, in  1.884 seconds
Domain Reload Profiling:
	ReloadAssembly (1885ms)
		BeginReloadAssembly (262ms)
			ExecutionOrderSort (0ms)
			DisableScriptedObjects (8ms)
			BackupInstance (0ms)
			ReleaseScriptingObjects (0ms)
			CreateAndSetChildDomain (95ms)
		EndReloadAssembly (1497ms)
			LoadAssemblies (206ms)
			RebuildTransferFunctionScriptingTraits (0ms)
			SetupTypeCache (786ms)
			ReleaseScriptCaches (1ms)
			RebuildScriptCaches (54ms)
			SetupLoadedEditorAssemblies (362ms)
				LogAssemblyErrors (0ms)
				InitializePlatformSupportModulesInManaged (6ms)
				SetLoadedEditorAssemblies (1ms)
				RefreshPlugins (1ms)
				BeforeProcessingInitializeOnLoad (99ms)
				ProcessInitializeOnLoadAttributes (242ms)
				ProcessInitializeOnLoadMethodAttributes (10ms)
				AfterProcessingInitializeOnLoad (3ms)
				EditorAssembliesLoaded (0ms)
			ExecutionOrderSort2 (0ms)
			AwakeInstancesAfterBackupRestoration (8ms)
Platform modules already initialized, skipping
Refreshing native plugins compatible for Editor in 0.49 ms, found 2 plugins.
Preloading 0 native plugins for Editor in 0.00 ms.
Unloading 1523 Unused Serialized files (Serialized files now loaded: 0)
System memory in use before: 72.0 MB.
System memory in use after: 72.1 MB.

Unloading 17 unused Assets to reduce memory usage. Loaded Objects now: 1970.
Total: 4.794700 ms (FindLiveObjects: 0.177900 ms CreateObjectMapping: 0.060800 ms MarkObjects: 4.461200 ms  DeleteObjects: 0.091000 ms)

AssetImportParameters requested are different than current active one (requested -> active):
  custom:framework-win-MediaFoundation: 216162199b28c13a410421893ffa2e32 -> 
  custom:video-decoder-ogg-theora: a1e56fd34408186e4bbccfd4996cb3dc -> 
  custom:container-muxer-webm: aa71ff27fc2769a1b78a27578f13a17b -> 
  custom:container-demuxer-webm: 4f35f7cbe854078d1ac9338744f61a02 -> 
  custom:container-demuxer-ogg: 62fdf1f143b41e24485cea50d1cbac27 -> 
  custom:video-encoder-webm-vp8: eb34c28f22e8b96e1ab97ce403110664 -> 
  custom:video-decoder-webm-vp8: 9c59270c3fd7afecdb556c50c9e8de78 -> 
  custom:audio-decoder-ogg-vorbis: bf7c407c2cedff20999df2af8eb42d56 -> 
  custom:audio-encoder-webm-vorbis: bf7c407c2cedff20999df2af8eb42d56 -> 
========================================================================
Received Import Request.
  Time since last request: 314.688749 seconds.
  path: Assets/package.json
  artifactKey: Guid(28dfa89cdfb04f145821574a3e48e204) Importer(815301076,1909f56bfc062723c751e8b465ee728b)
Start importing Assets/package.json using Guid(28dfa89cdfb04f145821574a3e48e204) Importer(815301076,1909f56bfc062723c751e8b465ee728b)  -> (artifact id: '8ea35c1e39c83a74bfbfe4c5587efb14') in 0.052402 seconds 
  Import took 0.086280 seconds .

========================================================================
Received Import Request.
  Time since last request: 1.456700 seconds.
  path: Assets/Icon
  artifactKey: Guid(ac8537f27b418c04781b149700b51a41) Importer(815301076,1909f56bfc062723c751e8b465ee728b)
Start importing Assets/Icon using Guid(ac8537f27b418c04781b149700b51a41) Importer(815301076,1909f56bfc062723c751e8b465ee728b)  -> (artifact id: '9ae6989263536127d5e33921867c7866') in 0.019199 seconds 
  Import took 0.042128 seconds .

========================================================================
Received Import Request.
  Time since last request: 0.482740 seconds.
  path: Assets/DOTween
  artifactKey: Guid(dda08cb45e74ac349ad3107cec2388a0) Importer(815301076,1909f56bfc062723c751e8b465ee728b)
Start importing Assets/DOTween using Guid(dda08cb45e74ac349ad3107cec2388a0) Importer(815301076,1909f56bfc062723c751e8b465ee728b)  -> (artifact id: 'fa332c77efc4c4a6477587edd1644205') in 0.016557 seconds 
  Import took 0.098796 seconds .

========================================================================
Received Import Request.
  Time since last request: 0.473080 seconds.
  path: Assets/Resources
  artifactKey: Guid(571c6684484b7654081e0c353ba0ef7d) Importer(815301076,1909f56bfc062723c751e8b465ee728b)
Start importing Assets/Resources using Guid(571c6684484b7654081e0c353ba0ef7d) Importer(815301076,1909f56bfc062723c751e8b465ee728b)  -> (artifact id: '9b91b00501f6ced09b59b962e3cb7b38') in 0.018115 seconds 
  Import took 0.036485 seconds .

========================================================================
Received Import Request.
  Time since last request: 43.058625 seconds.
  path: Assets/Scripts/Editor
  artifactKey: Guid(f458dded772dff64aadb19d585fa607b) Importer(815301076,1909f56bfc062723c751e8b465ee728b)
Start importing Assets/Scripts/Editor using Guid(f458dded772dff64aadb19d585fa607b) Importer(815301076,1909f56bfc062723c751e8b465ee728b)  -> (artifact id: 'd9199876a16b8739204983a55a97c597') in 0.034274 seconds 
  Import took 0.044534 seconds .

========================================================================
Received Prepare
Registering precompiled user dll's ...
Registered in 0.004998 seconds.
Begin MonoManager ReloadAssembly
Native extension for WindowsStandalone target not found
Native extension for WebGL target not found
Refreshing native plugins compatible for Editor in 0.77 ms, found 2 plugins.
Preloading 0 native plugins for Editor in 0.00 ms.
Mono: successfully reloaded assembly
- Completed reload, in  1.570 seconds
Domain Reload Profiling:
	ReloadAssembly (1571ms)
		BeginReloadAssembly (135ms)
			ExecutionOrderSort (0ms)
			DisableScriptedObjects (5ms)
			BackupInstance (0ms)
			ReleaseScriptingObjects (0ms)
			CreateAndSetChildDomain (46ms)
		EndReloadAssembly (1355ms)
			LoadAssemblies (119ms)
			RebuildTransferFunctionScriptingTraits (0ms)
			SetupTypeCache (507ms)
			ReleaseScriptCaches (1ms)
			RebuildScriptCaches (44ms)
			SetupLoadedEditorAssemblies (562ms)
				LogAssemblyErrors (0ms)
				InitializePlatformSupportModulesInManaged (7ms)
				SetLoadedEditorAssemblies (1ms)
				RefreshPlugins (1ms)
				BeforeProcessingInitializeOnLoad (134ms)
				ProcessInitializeOnLoadAttributes (398ms)
				ProcessInitializeOnLoadMethodAttributes (16ms)
				AfterProcessingInitializeOnLoad (5ms)
				EditorAssembliesLoaded (1ms)
			ExecutionOrderSort2 (0ms)
			AwakeInstancesAfterBackupRestoration (10ms)
Platform modules already initialized, skipping
Refreshing native plugins compatible for Editor in 1.31 ms, found 2 plugins.
Preloading 0 native plugins for Editor in 0.00 ms.
Unloading 1523 Unused Serialized files (Serialized files now loaded: 0)
System memory in use before: 72.0 MB.
System memory in use after: 72.1 MB.

Unloading 17 unused Assets to reduce memory usage. Loaded Objects now: 1972.
Total: 2.787700 ms (FindLiveObjects: 0.154100 ms CreateObjectMapping: 0.055500 ms MarkObjects: 2.552000 ms  DeleteObjects: 0.024700 ms)

AssetImportParameters requested are different than current active one (requested -> active):
  custom:framework-win-MediaFoundation: 216162199b28c13a410421893ffa2e32 -> 
  custom:video-decoder-ogg-theora: a1e56fd34408186e4bbccfd4996cb3dc -> 
  custom:container-muxer-webm: aa71ff27fc2769a1b78a27578f13a17b -> 
  custom:container-demuxer-webm: 4f35f7cbe854078d1ac9338744f61a02 -> 
  custom:container-demuxer-ogg: 62fdf1f143b41e24485cea50d1cbac27 -> 
  custom:video-encoder-webm-vp8: eb34c28f22e8b96e1ab97ce403110664 -> 
  custom:video-decoder-webm-vp8: 9c59270c3fd7afecdb556c50c9e8de78 -> 
  custom:audio-decoder-ogg-vorbis: bf7c407c2cedff20999df2af8eb42d56 -> 
  custom:audio-encoder-webm-vorbis: bf7c407c2cedff20999df2af8eb42d56 -> 
========================================================================
Received Prepare
Registering precompiled user dll's ...
Registered in 0.005368 seconds.
Begin MonoManager ReloadAssembly
Native extension for WindowsStandalone target not found
Native extension for WebGL target not found
Refreshing native plugins compatible for Editor in 0.65 ms, found 2 plugins.
Preloading 0 native plugins for Editor in 0.00 ms.
Mono: successfully reloaded assembly
- Completed reload, in  1.257 seconds
Domain Reload Profiling:
	ReloadAssembly (1258ms)
		BeginReloadAssembly (124ms)
			ExecutionOrderSort (0ms)
			DisableScriptedObjects (7ms)
			BackupInstance (0ms)
			ReleaseScriptingObjects (0ms)
			CreateAndSetChildDomain (43ms)
		EndReloadAssembly (1046ms)
			LoadAssemblies (108ms)
			RebuildTransferFunctionScriptingTraits (0ms)
			SetupTypeCache (402ms)
			ReleaseScriptCaches (1ms)
			RebuildScriptCaches (51ms)
			SetupLoadedEditorAssemblies (353ms)
				LogAssemblyErrors (0ms)
				InitializePlatformSupportModulesInManaged (8ms)
				SetLoadedEditorAssemblies (1ms)
				RefreshPlugins (1ms)
				BeforeProcessingInitializeOnLoad (86ms)
				ProcessInitializeOnLoadAttributes (242ms)
				ProcessInitializeOnLoadMethodAttributes (13ms)
				AfterProcessingInitializeOnLoad (3ms)
				EditorAssembliesLoaded (0ms)
			ExecutionOrderSort2 (0ms)
			AwakeInstancesAfterBackupRestoration (10ms)
Platform modules already initialized, skipping
Refreshing native plugins compatible for Editor in 0.43 ms, found 2 plugins.
Preloading 0 native plugins for Editor in 0.00 ms.
Unloading 1523 Unused Serialized files (Serialized files now loaded: 0)
System memory in use before: 72.0 MB.
System memory in use after: 72.1 MB.

Unloading 17 unused Assets to reduce memory usage. Loaded Objects now: 1974.
Total: 3.121000 ms (FindLiveObjects: 0.254800 ms CreateObjectMapping: 0.079200 ms MarkObjects: 2.717400 ms  DeleteObjects: 0.055200 ms)

AssetImportParameters requested are different than current active one (requested -> active):
  custom:framework-win-MediaFoundation: 216162199b28c13a410421893ffa2e32 -> 
  custom:video-decoder-ogg-theora: a1e56fd34408186e4bbccfd4996cb3dc -> 
  custom:container-muxer-webm: aa71ff27fc2769a1b78a27578f13a17b -> 
  custom:container-demuxer-webm: 4f35f7cbe854078d1ac9338744f61a02 -> 
  custom:container-demuxer-ogg: 62fdf1f143b41e24485cea50d1cbac27 -> 
  custom:video-encoder-webm-vp8: eb34c28f22e8b96e1ab97ce403110664 -> 
  custom:video-decoder-webm-vp8: 9c59270c3fd7afecdb556c50c9e8de78 -> 
  custom:audio-decoder-ogg-vorbis: bf7c407c2cedff20999df2af8eb42d56 -> 
  custom:audio-encoder-webm-vorbis: bf7c407c2cedff20999df2af8eb42d56 -> 
========================================================================
Received Import Request.
  Time since last request: 1161.757936 seconds.
  path: Assets/package.json
  artifactKey: Guid(28dfa89cdfb04f145821574a3e48e204) Importer(815301076,1909f56bfc062723c751e8b465ee728b)
Start importing Assets/package.json using Guid(28dfa89cdfb04f145821574a3e48e204) Importer(815301076,1909f56bfc062723c751e8b465ee728b)  -> (artifact id: '79f1298a57ef3831623009e750b822d8') in 0.047473 seconds 
  Import took 0.148287 seconds .

========================================================================
Received Import Request.
  Time since last request: 2.460999 seconds.
  path: Assets/Runtime
  artifactKey: Guid(cde02cc9020020748b6dbd3a8ae25287) Importer(815301076,1909f56bfc062723c751e8b465ee728b)
Start importing Assets/Runtime using Guid(cde02cc9020020748b6dbd3a8ae25287) Importer(815301076,1909f56bfc062723c751e8b465ee728b)  -> (artifact id: 'c402b54ab7e0fd1d30e22f55dc8b5e52') in 0.023108 seconds 
  Import took 0.036885 seconds .

========================================================================
Received Import Request.
  Time since last request: 5.990189 seconds.
  path: Assets/Runtime/Helper/ProgramHelper.cs
  artifactKey: Guid(eada0af8a812ca5439458ee5b4eb11e0) Importer(815301076,1909f56bfc062723c751e8b465ee728b)
Start importing Assets/Runtime/Helper/ProgramHelper.cs using Guid(eada0af8a812ca5439458ee5b4eb11e0) Importer(815301076,1909f56bfc062723c751e8b465ee728b)  -> (artifact id: '308ba67afc9b3b94e2b29b046ece652e') in 0.017608 seconds 
  Import took 0.044845 seconds .

========================================================================
Received Import Request.
  Time since last request: 13.681319 seconds.
  path: Assets/Runtime/Manager
  artifactKey: Guid(59e6ca88fb529254bbe8e46218951e8a) Importer(815301076,1909f56bfc062723c751e8b465ee728b)
Start importing Assets/Runtime/Manager using Guid(59e6ca88fb529254bbe8e46218951e8a) Importer(815301076,1909f56bfc062723c751e8b465ee728b)  -> (artifact id: 'd2034d39fdfa519f41453ee904dbb839') in 0.036978 seconds 
  Import took 0.061712 seconds .

========================================================================
Received Import Request.
  Time since last request: 0.717502 seconds.
  path: Assets/Runtime/Manager/Managers
  artifactKey: Guid(8d9e0dc8271d480459f55b86ce9e28d1) Importer(815301076,1909f56bfc062723c751e8b465ee728b)
Start importing Assets/Runtime/Manager/Managers using Guid(8d9e0dc8271d480459f55b86ce9e28d1) Importer(815301076,1909f56bfc062723c751e8b465ee728b)  -> (artifact id: '8bd8d1d4e4bda403e5da7fd7ef577ea3') in 0.016868 seconds 
  Import took 0.021499 seconds .

AssetImportWorkerClient::OnTransportError - code=2 error=End of file
